C:\USERS\REUBEN\DOCUMENTS\VISUAL STUDIO 2012\PROJECTS\GTORRENT WIN32\GTORRENT WIN32\DEBUG\GTORRENT WIN32.PCH
C:\USERS\REUBEN\DOCUMENTS\VISUAL STUDIO 2012\PROJECTS\GTORRENT WIN32\GTORRENT WIN32\DEBUG\STDAFX.OBJ
C:\USERS\REUBEN\DOCUMENTS\VISUAL STUDIO 2012\PROJECTS\GTORRENT WIN32\GTORRENT WIN32\DEBUG\VC110.PDB
C:\USERS\REUBEN\DOCUMENTS\VISUAL STUDIO 2012\PROJECTS\GTORRENT WIN32\GTORRENT WIN32\DEBUG\GTORRENT WIN32.OBJ
C:\USERS\REUBEN\DOCUMENTS\VISUAL STUDIO 2012\PROJECTS\GTORRENT WIN32\GTORRENT WIN32\DEBUG\GTORRENT WIN32.RES
c:\Users\Reuben\documents\visual studio 2012\Projects\gTorrent Win32\gTorrent Win32\Debug\gTorrent Win32.obj
c:\Users\Reuben\documents\visual studio 2012\Projects\gTorrent Win32\gTorrent Win32\Debug\stdafx.obj
c:\Users\Reuben\documents\visual studio 2012\Projects\gTorrent Win32\gTorrent Win32\Debug\cl.command.1.tlog
c:\Users\Reuben\documents\visual studio 2012\Projects\gTorrent Win32\gTorrent Win32\Debug\CL.read.1.tlog
c:\Users\Reuben\documents\visual studio 2012\Projects\gTorrent Win32\gTorrent Win32\Debug\CL.write.1.tlog
c:\Users\Reuben\documents\visual studio 2012\Projects\gTorrent Win32\gTorrent Win32\Debug\link-cvtres.read.1.tlog
c:\Users\Reuben\documents\visual studio 2012\Projects\gTorrent Win32\gTorrent Win32\Debug\link-cvtres.write.1.tlog
c:\Users\Reuben\documents\visual studio 2012\Projects\gTorrent Win32\gTorrent Win32\Debug\link-rc.read.1.tlog
c:\Users\Reuben\documents\visual studio 2012\Projects\gTorrent Win32\gTorrent Win32\Debug\link-rc.write.1.tlog
c:\Users\Reuben\documents\visual studio 2012\Projects\gTorrent Win32\gTorrent Win32\Debug\link.10848-cvtres.read.1.tlog
c:\Users\Reuben\documents\visual studio 2012\Projects\gTorrent Win32\gTorrent Win32\Debug\link.10848-cvtres.write.1.tlog
c:\Users\Reuben\documents\visual studio 2012\Projects\gTorrent Win32\gTorrent Win32\Debug\link.10848-rc.read.1.tlog
c:\Users\Reuben\documents\visual studio 2012\Projects\gTorrent Win32\gTorrent Win32\Debug\link.10848-rc.write.1.tlog
c:\Users\Reuben\documents\visual studio 2012\Projects\gTorrent Win32\gTorrent Win32\Debug\link.10848.read.1.tlog
c:\Users\Reuben\documents\visual studio 2012\Projects\gTorrent Win32\gTorrent Win32\Debug\link.10848.write.1.tlog
c:\Users\Reuben\documents\visual studio 2012\Projects\gTorrent Win32\gTorrent Win32\Debug\link.13128-cvtres.read.1.tlog
c:\Users\Reuben\documents\visual studio 2012\Projects\gTorrent Win32\gTorrent Win32\Debug\link.13128-cvtres.write.1.tlog
c:\Users\Reuben\documents\visual studio 2012\Projects\gTorrent Win32\gTorrent Win32\Debug\link.13128-rc.read.1.tlog
c:\Users\Reuben\documents\visual studio 2012\Projects\gTorrent Win32\gTorrent Win32\Debug\link.13128-rc.write.1.tlog
c:\Users\Reuben\documents\visual studio 2012\Projects\gTorrent Win32\gTorrent Win32\Debug\link.13128.read.1.tlog
c:\Users\Reuben\documents\visual studio 2012\Projects\gTorrent Win32\gTorrent Win32\Debug\link.13128.write.1.tlog
c:\Users\Reuben\documents\visual studio 2012\Projects\gTorrent Win32\gTorrent Win32\Debug\link.384-cvtres.read.1.tlog
c:\Users\Reuben\documents\visual studio 2012\Projects\gTorrent Win32\gTorrent Win32\Debug\link.384-cvtres.write.1.tlog
c:\Users\Reuben\documents\visual studio 2012\Projects\gTorrent Win32\gTorrent Win32\Debug\link.384-rc.read.1.tlog
c:\Users\Reuben\documents\visual studio 2012\Projects\gTorrent Win32\gTorrent Win32\Debug\link.384-rc.write.1.tlog
c:\Users\Reuben\documents\visual studio 2012\Projects\gTorrent Win32\gTorrent Win32\Debug\link.384.read.1.tlog
c:\Users\Reuben\documents\visual studio 2012\Projects\gTorrent Win32\gTorrent Win32\Debug\link.384.write.1.tlog
c:\Users\Reuben\documents\visual studio 2012\Projects\gTorrent Win32\gTorrent Win32\Debug\link.7664-cvtres.read.1.tlog
c:\Users\Reuben\documents\visual studio 2012\Projects\gTorrent Win32\gTorrent Win32\Debug\link.7664-cvtres.write.1.tlog
c:\Users\Reuben\documents\visual studio 2012\Projects\gTorrent Win32\gTorrent Win32\Debug\link.7664-rc.read.1.tlog
c:\Users\Reuben\documents\visual studio 2012\Projects\gTorrent Win32\gTorrent Win32\Debug\link.7664-rc.write.1.tlog
c:\Users\Reuben\documents\visual studio 2012\Projects\gTorrent Win32\gTorrent Win32\Debug\link.7664.read.1.tlog
c:\Users\Reuben\documents\visual studio 2012\Projects\gTorrent Win32\gTorrent Win32\Debug\link.7664.write.1.tlog
c:\Users\Reuben\documents\visual studio 2012\Projects\gTorrent Win32\gTorrent Win32\Debug\link.command.1.tlog
c:\Users\Reuben\documents\visual studio 2012\Projects\gTorrent Win32\gTorrent Win32\Debug\link.read.1.tlog
c:\Users\Reuben\documents\visual studio 2012\Projects\gTorrent Win32\gTorrent Win32\Debug\link.write.1.tlog
c:\Users\Reuben\documents\visual studio 2012\Projects\gTorrent Win32\gTorrent Win32\Debug\rc.command.1.tlog
c:\Users\Reuben\documents\visual studio 2012\Projects\gTorrent Win32\gTorrent Win32\Debug\rc.read.1.tlog
c:\Users\Reuben\documents\visual studio 2012\Projects\gTorrent Win32\gTorrent Win32\Debug\rc.write.1.tlog
c:\Users\Reuben\documents\visual studio 2012\Projects\gTorrent Win32\gTorrent Win32\Debug\gTorrent Win32.res
c:\Users\Reuben\documents\visual studio 2012\Projects\gTorrent Win32\gTorrent Win32\Debug\gTorrent Win32.pch
c:\Users\Reuben\documents\visual studio 2012\Projects\gTorrent Win32\gTorrent Win32\Debug\vc110.idb
c:\Users\Reuben\documents\visual studio 2012\Projects\gTorrent Win32\gTorrent Win32\Debug\vc110.pdb
c:\users\reuben\documents\visual studio 2012\Projects\gTorrent Win32\Debug\gTorrent Win32.pdb
